[INFO] Scanning for projects...
[INFO] 
[INFO] -----------------------< com.mednex:hms-backend >-----------------------
[INFO] Building mednex-backend 0.0.1-SNAPSHOT
[INFO]   from pom.xml
[INFO] --------------------------------[ jar ]---------------------------------
[INFO] 
[INFO] --- clean:3.4.1:clean (default-clean) @ hms-backend ---
[INFO] Deleting C:\Users\HP\Videos\Healthcae\frontend\hms-backend\target
[INFO] 
[INFO] --- resources:3.3.1:resources (default-resources) @ hms-backend ---
[INFO] Copying 1 resource from src\main\resources to target\classes
[INFO] Copying 0 resource from src\main\resources to target\classes
[INFO] 
[INFO] --- compiler:3.14.1:compile (default-compile) @ hms-backend ---
[INFO] Recompiling the module because of changed source code.
[INFO] Compiling 40 source files with javac [debug parameters release 17] to target\classes
[INFO] ------------------------------------------------------------------------
[INFO] BUILD SUCCESS
[INFO] ------------------------------------------------------------------------
[INFO] Total time:  4.665 s
[INFO] Finished at: 2026-03-02T21:10:19+05:30
[INFO] ------------------------------------------------------------------------
