[INFO] Scanning for projects...
[INFO] 
[INFO] -----------------------< com.mednex:hms-backend >-----------------------
[INFO] Building mednex-backend 0.0.1-SNAPSHOT
[INFO]   from pom.xml
[INFO] --------------------------------[ jar ]---------------------------------
[INFO] 
[INFO] --- resources:3.3.1:resources (default-resources) @ hms-backend ---
[INFO] Copying 1 resource from src\main\resources to target\classes
[INFO] Copying 0 resource from src\main\resources to target\classes
[INFO] 
[INFO] --- compiler:3.14.1:compile (default-compile) @ hms-backend ---
[INFO] Nothing to compile - all classes are up to date.
[INFO] 
[INFO] --- resources:3.3.1:testResources (default-testResources) @ hms-backend ---
[INFO] skip non existing resourceDirectory C:\Users\HP\Videos\Healthcae\frontend\hms-backend\src\test\resources
[INFO] 
[INFO] --- compiler:3.14.1:testCompile (default-testCompile) @ hms-backend ---
[INFO] Nothing to compile - all classes are up to date.
[INFO] 
[INFO] --- surefire:3.5.4:test (default-test) @ hms-backend ---
[INFO] Using auto detected provider org.apache.maven.surefire.junitplatform.JUnitPlatformProvider
[INFO] 
[INFO] -------------------------------------------------------
[INFO]  T E S T S
[INFO] -------------------------------------------------------
[INFO] Running com.mednex.hms_backend.admissions.DbDumpTest
15:55:45.312 [main] INFO org.springframework.test.context.support.AnnotationConfigContextLoaderUtils -- Could not detect default configuration classes for test class [com.mednex.hms_backend.admissions.DbDumpTest]: DbDumpTest does not declare any static, non-private, non-final, nested classes annotated with @Configuration.
15:55:45.634 [main] INFO org.springframework.boot.test.context.SpringBootTestContextBootstrapper -- Found @SpringBootConfiguration com.mednex.MednexApplication for test class com.mednex.hms_backend.admissions.DbDumpTest

  .   ____          _            __ _ _
 /\\ / ___'_ __ _ _(_)_ __  __ _ \ \ \ \
( ( )\___ | '_ | '_| | '_ \/ _` | \ \ \ \
 \\/  ___)| |_)| | | | | || (_| |  ) ) ) )
  '  |____| .__|_| |_|_| |_\__, | / / / /
 =========|_|==============|___/=/_/_/_/

 :: Spring Boot ::      (v3.5.11-SNAPSHOT)

2026-03-03T15:55:46.713+05:30  INFO 21956 --- [mednex-backend] [           main] c.m.hms_backend.admissions.DbDumpTest    : Starting DbDumpTest using Java 17.0.12 with PID 21956 (started by HP in C:\Users\HP\Videos\Healthcae\frontend\hms-backend)
2026-03-03T15:55:46.715+05:30 DEBUG 21956 --- [mednex-backend] [           main] c.m.hms_backend.admissions.DbDumpTest    : Running with Spring Boot v3.5.11-SNAPSHOT, Spring v6.2.16
2026-03-03T15:55:46.716+05:30  INFO 21956 --- [mednex-backend] [           main] c.m.hms_backend.admissions.DbDumpTest    : No active profile set, falling back to 1 default profile: "default"
2026-03-03T15:55:46.790+05:30 DEBUG 21956 --- [mednex-backend] [           main] o.s.w.c.s.GenericWebApplicationContext   : Refreshing org.springframework.web.context.support.GenericWebApplicationContext@6c000e0c
2026-03-03T15:55:48.504+05:30  INFO 21956 --- [mednex-backend] [           main] .s.d.r.c.RepositoryConfigurationDelegate : Bootstrapping Spring Data JPA repositories in DEFAULT mode.
2026-03-03T15:55:48.777+05:30  INFO 21956 --- [mednex-backend] [           main] .s.d.r.c.RepositoryConfigurationDelegate : Finished Spring Data repository scanning in 248 ms. Found 5 JPA repository interfaces.
2026-03-03T15:55:49.921+05:30  INFO 21956 --- [mednex-backend] [           main] o.hibernate.jpa.internal.util.LogHelper  : HHH000204: Processing PersistenceUnitInfo [name: default]
2026-03-03T15:55:50.082+05:30  INFO 21956 --- [mednex-backend] [           main] org.hibernate.Version                    : HHH000412: Hibernate ORM core version 6.6.42.Final
2026-03-03T15:55:50.190+05:30  INFO 21956 --- [mednex-backend] [           main] o.h.c.internal.RegionFactoryInitiator    : HHH000026: Second-level cache disabled
2026-03-03T15:55:51.266+05:30  INFO 21956 --- [mednex-backend] [           main] o.s.o.j.p.SpringPersistenceUnitInfo      : No LoadTimeWeaver setup: ignoring JPA class transformer
? MultiTenantProvider: Requested connection for tenant - tenantA
? MultiTenantProvider: Connecting to - jdbc:postgresql://localhost:5432/mednex
2026-03-03T15:55:51.907+05:30  WARN 21956 --- [mednex-backend] [           main] org.hibernate.orm.deprecation            : HHH90000025: PostgreSQLDialect does not need to be specified explicitly using 'hibernate.dialect' (remove the property setting and it will be selected by default)
2026-03-03T15:55:51.955+05:30  INFO 21956 --- [mednex-backend] [           main] org.hibernate.orm.connections.pooling    : HHH10001005: Database info:
	Database JDBC URL [undefined/unknown]
	Database driver: undefined/unknown
	Database version: 18.1
	Autocommit mode: undefined/unknown
	Isolation level: undefined/unknown
	Minimum pool size: undefined/unknown
	Maximum pool size: undefined/unknown
2026-03-03T15:55:54.154+05:30  INFO 21956 --- [mednex-backend] [           main] o.h.e.t.j.p.i.JtaPlatformInitiator       : HHH000489: No JTA platform available (set 'hibernate.transaction.jta.platform' to enable JTA platform integration)
? MultiTenantProvider: Requested connection for tenant - tenantA
? MultiTenantProvider: Connecting to - jdbc:postgresql://localhost:5432/mednex
2026-03-03T15:55:54.368+05:30  INFO 21956 --- [mednex-backend] [           main] j.LocalContainerEntityManagerFactoryBean : Initialized JPA EntityManagerFactory for persistence unit 'default'
2026-03-03T15:55:54.994+05:30  INFO 21956 --- [mednex-backend] [           main] o.s.d.j.r.query.QueryEnhancerFactory     : Hibernate is in classpath; If applicable, HQL parser will be used.
2026-03-03T15:55:56.102+05:30  INFO 21956 --- [mednex-backend] [           main] c.m.h.c.s.JwtAuthenticationFilter        : ? JwtAuthenticationFilter: Bean created
2026-03-03T15:55:56.244+05:30  WARN 21956 --- [mednex-backend] [           main] JpaBaseConfiguration$JpaWebConfiguration : spring.jpa.open-in-view is enabled by default. Therefore, database queries may be performed during view rendering. Explicitly configure spring.jpa.open-in-view to disable this warning
2026-03-03T15:55:56.322+05:30  WARN 21956 --- [mednex-backend] [           main] .s.s.UserDetailsServiceAutoConfiguration : 

Using generated security password: ffa7fb0a-2899-49ff-88e7-c062e4401a5a

This generated password is for development use only. Your security configuration must be updated before running your application in production.

2026-03-03T15:55:56.342+05:30  INFO 21956 --- [mednex-backend] [           main] r$InitializeUserDetailsManagerConfigurer : Global AuthenticationManager configured with UserDetailsService bean with name inMemoryUserDetailsManager
2026-03-03T15:55:56.541+05:30 DEBUG 21956 --- [mednex-backend] [           main] o.s.s.web.DefaultSecurityFilterChain     : Will secure any request with filters: DisableEncodeUrlFilter, WebAsyncManagerIntegrationFilter, JwtAuthenticationFilter, SecurityContextHolderFilter, HeaderWriterFilter, CorsFilter, LogoutFilter, RequestCacheAwareFilter, SecurityContextHolderAwareRequestFilter, AnonymousAuthenticationFilter, ExceptionTranslationFilter, AuthorizationFilter
2026-03-03T15:55:56.943+05:30 DEBUG 21956 --- [mednex-backend] [           main] s.w.s.m.m.a.RequestMappingHandlerMapping : 30 mappings in 'requestMappingHandlerMapping'
2026-03-03T15:55:57.227+05:30 DEBUG 21956 --- [mednex-backend] [           main] o.s.w.s.handler.SimpleUrlHandlerMapping  : Patterns [/webjars/**, /**] in 'resourceHandlerMapping'
2026-03-03T15:55:57.292+05:30 DEBUG 21956 --- [mednex-backend] [           main] s.w.s.m.m.a.RequestMappingHandlerAdapter : ControllerAdvice beans: 0 @ModelAttribute, 0 @InitBinder, 1 RequestBodyAdvice, 1 ResponseBodyAdvice
2026-03-03T15:55:57.393+05:30 DEBUG 21956 --- [mednex-backend] [           main] .m.m.a.ExceptionHandlerExceptionResolver : ControllerAdvice beans: 1 @ExceptionHandler, 1 ResponseBodyAdvice
2026-03-03T15:55:57.698+05:30  INFO 21956 --- [mednex-backend] [           main] c.m.hms_backend.admissions.DbDumpTest    : Started DbDumpTest in 11.671 seconds (process running for 13.928)
? MultiTenantProvider: Requested connection for tenant - tenantA
? MultiTenantProvider: Connecting to - jdbc:postgresql://localhost:5432/mednex
2026-03-03T15:55:57.947+05:30 DEBUG 21956 --- [mednex-backend] [           main] org.hibernate.SQL                        : 
    select
        count(*) 
    from
        appointments a1_0
? MultiTenantProvider: Requested connection for tenant - tenantB
? MultiTenantProvider: Connecting to - jdbc:postgresql://localhost:5432/mednex
2026-03-03T15:55:58.083+05:30 DEBUG 21956 --- [mednex-backend] [           main] org.hibernate.SQL                        : 
    select
        count(*) 
    from
        appointments a1_0
2026-03-03T15:55:58.212+05:30 DEBUG 21956 --- [mednex-backend] [           main] org.hibernate.SQL                        : 
    select
        u1_0.id,
        u1_0.email,
        u1_0.password,
        u1_0.role 
    from
        users u1_0 
    where
        u1_0.email=?
? MultiTenantProvider: Requested connection for tenant - tenantA
? MultiTenantProvider: Connecting to - jdbc:postgresql://localhost:5432/mednex
?? Users already seeded for tenantA
2026-03-03T15:55:58.353+05:30 DEBUG 21956 --- [mednex-backend] [           main] org.hibernate.SQL                        : 
    select
        u1_0.id,
        u1_0.email,
        u1_0.password,
        u1_0.role 
    from
        users u1_0 
    where
        u1_0.email=?
? MultiTenantProvider: Requested connection for tenant - tenantB
? MultiTenantProvider: Connecting to - jdbc:postgresql://localhost:5432/mednex
?? Users already seeded for tenantB
./mvnw : Java 
HotSpot(TM) 64-Bit 
Server VM warning: 
Sharing is only 
supported for boot 
loader classes because 
bootstrap classpath 
has been appended
At line:1 char:1
+ ./mvnw test 
-Dtest=DbDumpTest > 
dump_latest.log 2>&1
+ ~~~~~~~~~~~~~~~~~~~~~
~~~~~~~~~~~~~~~~~~~~~~~
~~~~~~~~
    + CategoryInfo     
         : NotSpecifi  
  ed: (Java HotSpot(   
 TM...s been append    
ed:String) [], Rem    
oteException
    + FullyQualifiedEr 
   rorId : NativeComm  
  andError
 
--- Global Admission Dump ---
? Schema: public | Total Count: 11
   ? ID: 18 | Patient: Live Test Patient | Date: 2026-03-03 | CreatedAt: 2026-03-03 10:24:53.806972
   ? ID: 17 | Patient: Live Test Patient | Date: 2026-03-03 | CreatedAt: 2026-03-03 10:24:39.726967
   ? ID: 16 | Patient: Live Test Patient | Date: 2026-03-03 | CreatedAt: 2026-03-03 10:23:19.935079
   ? ID: 15 | Patient: Live Test Patient | Date: 2026-03-03 | CreatedAt: 2026-03-03 10:21:08.135309
   ? ID: 14 | Patient: Live Test Patient | Date: 2026-03-03 | CreatedAt: 2026-03-03 10:21:06.939049
--- End of Dump ---
[INFO] Tests run: 1, Failures: 0, Errors: 0, Skipped: 0, Time elapsed: 14.61 s -- in com.mednex.hms_backend.admissions.DbDumpTest
[INFO] 
[INFO] Results:
[INFO] 
[INFO] Tests run: 1, Failures: 0, Errors: 0, Skipped: 0
[INFO] 
[INFO] ------------------------------------------------------------------------
[INFO] BUILD SUCCESS
[INFO] ------------------------------------------------------------------------
[INFO] Total time:  19.751 s
[INFO] Finished at: 2026-03-03T15:55:59+05:30
[INFO] ------------------------------------------------------------------------
